==================== log message for Fri, 06 Apr 2012 01:27:47 -0500 ====================

next_date2012-04-13firstnameKarolinaemailkarolina@iwonka.med.virginia.eduperson_id3report_freq7lastnameTkaczukreport_freq_stronce_a_weekcurrent_timeFri, 06 Apr 2012 01:27:47 -0500pastdue_freq2current_monthAPR-2012days_passed50
From: Manuscript Preparation Database <manuscript-db@iwonka.med.virginia.edu>
To: Karolina Tkaczuk <karolina@iwonka.med.virginia.edu>
Date: Fri, 06 Apr 2012 01:27:47 -0500
Subject: Manuscripts that need your attention for the incoming week (Do not reply)
MIME-Version: 1.0
Content-Type: text/html; charset="us-ascii"


<html><body>Dear Dr. Tkaczuk,<br>
<br>
 Was there any progress on manuscripts recently? We haven't heard from you for an entire month.<br>
<br>
  You have four active manuscripts that need your attention, including:<br>
  - the Anthrax proteins manuscript that is still under preparation,<br>
  - the Universal stress proteins manuscript that is still under preparation,<br>
  - the APC7623 manuscript that is waiting for Wladek's response,<br>
  - the Ferro manuscript that is still under preparation.<br>
<br>
  For Universal stress proteins manuscript, you have been preparing the data for 51 days. You are 41 days past the expected due date for thephylogenetic analysis data. Please finish the data as soon as possible. Or if you will need more time for data preparation, please update the due date accordingly in the database.<br>
<br>
  If you find any discrepancies between the present report and your work in progress, please update the manuscript preparation database accordingly. (<a href="http://zenobi-vpn/milapa/">http://zenobi-vpn/milapa/</a>)<br>
<br>
  You are currently receiving manuscript progress reports once a week. Next report will be delivered to your Email on 2012-04-13. <br>
<br>
appreciate your effort keeping the information in manuscript preparation database up to date,<br>
best regards,<br>
Manuscript preparation database<br>
http://zenobi-vpn/milapa/<br>
Technical Support Team:<br>
<a href="mailto:dust@iwonka.med.virginia.edu">Heping Zheng</a>, <a href="mailto:matt_d@iwonka.med.virginia.edu">Matt Demas</a><br>
</body>
</html>


--Email was send to karolina@iwonka.med.virginia.edu

next_date2012-04-13firstnameMattemailmatt_d@iwonka.med.virginia.eduperson_id5report_freq7lastnameDemasreport_freq_stronce_a_weekcurrent_timeFri, 06 Apr 2012 01:27:47 -0500pastdue_freq2current_monthAPR-2012days_passed92
From: Manuscript Preparation Database <manuscript-db@iwonka.med.virginia.edu>
To: Matt Demas <matt_d@iwonka.med.virginia.edu>
Date: Fri, 06 Apr 2012 01:27:47 -0500
Subject: Manuscripts that need your attention for the incoming week (Do not reply)
MIME-Version: 1.0
Content-Type: text/html; charset="us-ascii"


<html><body>Dear Dr. Demas,<br>
<br>
 Was there any progress on manuscripts recently? We haven't heard from you for an entire month.<br>
<br>
  For metal-benchmark manuscript, you have been preparing the data for 69 days. You are 37 days past the expected due date for theinteractive p-value plots data. Please finish the data as soon as possible. Or if you will need more time for data preparation, please update the due date accordingly in the database.<br>
<br>
  For IDP00698 manuscript, you have been preparing the data for 113 days. You are 87 days past the expected due date for the data. Please finish the data as soon as possible. Or if you will need more time for data preparation, please update the due date accordingly in the database.<br>
<br>
  If you find any discrepancies between the present report and your work in progress, please update the manuscript preparation database accordingly. (<a href="http://zenobi-vpn/milapa/">http://zenobi-vpn/milapa/</a>)<br>
<br>
  You are currently receiving manuscript progress reports once a week. Next report will be delivered to your Email on 2012-04-13. <br>
<br>
appreciate your effort keeping the information in manuscript preparation database up to date,<br>
best regards,<br>
Manuscript preparation database<br>
http://zenobi-vpn/milapa/<br>
Technical Support Team:<br>
<a href="mailto:dust@iwonka.med.virginia.edu">Heping Zheng</a>, <a href="mailto:matt_d@iwonka.med.virginia.edu">Matt Demas</a><br>
</body>
</html>


--Email was send to matt_d@iwonka.med.virginia.edu

next_date2012-04-13firstnameJacekemailjacek_b@iwonka.med.virginia.eduperson_id6report_freq7lastnameBajorreport_freq_stronce_a_weekcurrent_timeFri, 06 Apr 2012 01:27:47 -0500pastdue_freq2current_monthAPR-2012days_passed92
From: Manuscript Preparation Database <manuscript-db@iwonka.med.virginia.edu>
To: Jacek Bajor <jacek_b@iwonka.med.virginia.edu>
Date: Fri, 06 Apr 2012 01:27:47 -0500
Subject: Manuscripts that need your attention for the incoming week (Do not reply)
MIME-Version: 1.0
Content-Type: text/html; charset="us-ascii"


<html><body>Dear Dr. Bajor,<br>
<br>
 Was there any progress on manuscripts recently? We haven't heard from you for an entire month.<br>
<br>
  You have one active manuscript that will need your attention -- the APC41385.0 manuscript that is waiting for Wladek to submit.<br>
<br>
  If you find any discrepancies between the present report and your work in progress, please update the manuscript preparation database accordingly. (<a href="http://zenobi-vpn/milapa/">http://zenobi-vpn/milapa/</a>)<br>
<br>
  You are currently receiving manuscript progress reports once a week. Next report will be delivered to your Email on 2012-04-13. <br>
<br>
appreciate your effort keeping the information in manuscript preparation database up to date,<br>
best regards,<br>
Manuscript preparation database<br>
http://zenobi-vpn/milapa/<br>
Technical Support Team:<br>
<a href="mailto:dust@iwonka.med.virginia.edu">Heping Zheng</a>, <a href="mailto:matt_d@iwonka.med.virginia.edu">Matt Demas</a><br>
</body>
</html>


--Email was send to jacek_b@iwonka.med.virginia.edu

next_date2012-04-13firstnameMaksymilianemailmaks@iwonka.med.virginia.eduperson_id8report_freq7lastnameChruszczreport_freq_stronce_a_weekcurrent_timeFri, 06 Apr 2012 01:27:47 -0500pastdue_freq2current_monthAPR-2012days_passed92

--Maksymilian Chruszcz does not need a report

next_date2012-04-13firstnameMarcinemailmarcel@iwonka.med.virginia.eduperson_id10report_freq7lastnameCymborowskireport_freq_stronce_a_weekcurrent_timeFri, 06 Apr 2012 01:27:47 -0500pastdue_freq2current_monthAPR-2012days_passed114

--Marcin Cymborowski does not need a report

next_date2012-04-13firstnameZbigniewemailzbigniew_f@iwonka.med.virginia.eduperson_id14report_freq7lastnameFratczakreport_freq_stronce_a_weekcurrent_timeFri, 06 Apr 2012 01:27:47 -0500pastdue_freq2current_monthAPR-2012days_passed114

--Zbigniew Fratczak does not need a report

next_date2012-04-13firstnameMarekemailmarek@iwonka.med.virginia.eduperson_id15report_freq7lastnameGrabowskireport_freq_stronce_a_weekcurrent_timeFri, 06 Apr 2012 01:27:47 -0500pastdue_freq2current_monthAPR-2012days_passed114

--Marek Grabowski does not need a report

next_date2012-04-13firstnameJingemailhoujing@iwonka.med.virginia.eduperson_id16report_freq7lastnameHoureport_freq_stronce_a_weekcurrent_timeFri, 06 Apr 2012 01:27:47 -0500pastdue_freq2current_monthAPR-2012days_passed92
From: Manuscript Preparation Database <manuscript-db@iwonka.med.virginia.edu>
To: Jing Hou <houjing@iwonka.med.virginia.edu>
Date: Fri, 06 Apr 2012 01:27:47 -0500
Subject: Manuscripts that need your attention for the incoming week (Do not reply)
MIME-Version: 1.0
Content-Type: text/html; charset="us-ascii"


<html><body>Dear Dr. Hou,<br>
<br>
 Was there any progress on manuscripts recently? We haven't heard from you for an entire month.<br>
<br>
  You have two active manuscripts that need your attention, including:<br>
  - the IDP90557 manuscript that is still under preparation,<br>
  - the IDP02573 manuscript that has been submitted and awaits a decision from the editorial office.<br>
<br>
  You are expected to update the text for IDP90557 manuscript today.<br>
<br>
  If you find any discrepancies between the present report and your work in progress, please update the manuscript preparation database accordingly. (<a href="http://zenobi-vpn/milapa/">http://zenobi-vpn/milapa/</a>)<br>
<br>
  You are currently receiving manuscript progress reports once a week. Next report will be delivered to your Email on 2012-04-13. <br>
<br>
appreciate your effort keeping the information in manuscript preparation database up to date,<br>
best regards,<br>
Manuscript preparation database<br>
http://zenobi-vpn/milapa/<br>
Technical Support Team:<br>
<a href="mailto:dust@iwonka.med.virginia.edu">Heping Zheng</a>, <a href="mailto:matt_d@iwonka.med.virginia.edu">Matt Demas</a><br>
</body>
</html>


--Email was send to houjing@iwonka.med.virginia.edu

next_date2012-04-13firstnameElizabethemailbeth_m@iwonka.med.virginia.eduperson_id18report_freq7lastnameMacLeanreport_freq_stronce_a_weekcurrent_timeFri, 06 Apr 2012 01:27:47 -0500pastdue_freq2current_monthAPR-2012days_passed114

--Elizabeth MacLean does not need a report

next_date2012-04-13firstnameKarolinaemailkarolina_m@iwonka.med.virginia.eduperson_id19report_freq7lastnameMajorekreport_freq_stronce_a_weekcurrent_timeFri, 06 Apr 2012 01:27:47 -0500pastdue_freq2current_monthAPR-2012days_passed92
From: Manuscript Preparation Database <manuscript-db@iwonka.med.virginia.edu>
To: Karolina Majorek <karolina_m@iwonka.med.virginia.edu>
Date: Fri, 06 Apr 2012 01:27:47 -0500
Subject: Manuscripts that need your attention for the incoming week (Do not reply)
MIME-Version: 1.0
Content-Type: text/html; charset="us-ascii"


<html><body>Dear Dr. Majorek,<br>
<br>
  Thanks for all the quality work during the past week.<br>
<br>
  You have one active manuscript that will need your attention -- the Albumins manuscript that has been submitted and awaits a decision from the editorial office.<br>
<br>
  If you find any discrepancies between the present report and your work in progress, please update the manuscript preparation database accordingly. (<a href="http://zenobi-vpn/milapa/">http://zenobi-vpn/milapa/</a>)<br>
<br>
  You are currently receiving manuscript progress reports once a week. Next report will be delivered to your Email on 2012-04-13. <br>
<br>
appreciate your effort keeping the information in manuscript preparation database up to date,<br>
best regards,<br>
Manuscript preparation database<br>
http://zenobi-vpn/milapa/<br>
Technical Support Team:<br>
<a href="mailto:dust@iwonka.med.virginia.edu">Heping Zheng</a>, <a href="mailto:matt_d@iwonka.med.virginia.edu">Matt Demas</a><br>
</body>
</html>


--Email was send to karolina_m@iwonka.med.virginia.edu

next_date2012-04-13firstnameKatarzynaemailkasia_m@iwonka.med.virginia.eduperson_id20report_freq7lastnameMikolajczakreport_freq_stronce_a_weekcurrent_timeFri, 06 Apr 2012 01:27:47 -0500pastdue_freq2current_monthAPR-2012days_passed92
From: Manuscript Preparation Database <manuscript-db@iwonka.med.virginia.edu>
To: Katarzyna Mikolajczak <kasia_m@iwonka.med.virginia.edu>
Date: Fri, 06 Apr 2012 01:27:47 -0500
Subject: Manuscripts that need your attention for the incoming week (Do not reply)
MIME-Version: 1.0
Content-Type: text/html; charset="us-ascii"


<html><body>Dear Dr. Mikolajczak,<br>
<br>
  Thanks for all the quality work during the past week.<br>
<br>
  You have one active manuscript that will need your attention -- the APC65312.2 manuscript that is waiting for Wladek to submit.<br>
<br>
  For Ferro manuscript, you still have 25 more days for  data to be prepared.<br>
<br>
  For IDP00203 manuscript, <b>TODAY</b> is the last day you need to have the bioinformatics data prepared. Please get it done in a timely manner.<br>
<br>
  If you find any discrepancies between the present report and your work in progress, please update the manuscript preparation database accordingly. (<a href="http://zenobi-vpn/milapa/">http://zenobi-vpn/milapa/</a>)<br>
<br>
  You are currently receiving manuscript progress reports once a week. Next report will be delivered to your Email on 2012-04-13. <br>
<br>
appreciate your effort keeping the information in manuscript preparation database up to date,<br>
best regards,<br>
Manuscript preparation database<br>
http://zenobi-vpn/milapa/<br>
Technical Support Team:<br>
<a href="mailto:dust@iwonka.med.virginia.edu">Heping Zheng</a>, <a href="mailto:matt_d@iwonka.med.virginia.edu">Matt Demas</a><br>
</body>
</html>


--Email was send to kasia_m@iwonka.med.virginia.edu

next_date2012-04-13firstnameAniaemailania_m@iwonka.med.virginia.eduperson_id21report_freq7lastnameMilaczewskareport_freq_stronce_a_weekcurrent_timeFri, 06 Apr 2012 01:27:47 -0500pastdue_freq2current_monthAPR-2012days_passed114

--Ania Milaczewska does not need a report

next_date2012-04-13firstnameEwaemailewa_n@iwonka.med.virginia.eduperson_id22report_freq7lastnameNiedzialkowskareport_freq_stronce_a_weekcurrent_timeFri, 06 Apr 2012 01:27:47 -0500pastdue_freq2current_monthAPR-2012days_passed92
From: Manuscript Preparation Database <manuscript-db@iwonka.med.virginia.edu>
To: Ewa Niedzialkowska <ewa_n@iwonka.med.virginia.edu>
Date: Fri, 06 Apr 2012 01:27:47 -0500
Subject: Manuscripts that need your attention for the incoming week (Do not reply)
MIME-Version: 1.0
Content-Type: text/html; charset="us-ascii"


<html><body>Dear Dr. Niedzialkowska,<br>
<br>
 Was there any progress on manuscripts recently? We haven't heard from you for an entire month.<br>
<br>
  You have one active manuscript that will need your attention -- the IDP04323 manuscript that is waiting for special instruction.<br>
<br>
  If you find any discrepancies between the present report and your work in progress, please update the manuscript preparation database accordingly. (<a href="http://zenobi-vpn/milapa/">http://zenobi-vpn/milapa/</a>)<br>
<br>
  You are currently receiving manuscript progress reports once a week. Next report will be delivered to your Email on 2012-04-13. <br>
<br>
appreciate your effort keeping the information in manuscript preparation database up to date,<br>
best regards,<br>
Manuscript preparation database<br>
http://zenobi-vpn/milapa/<br>
Technical Support Team:<br>
<a href="mailto:dust@iwonka.med.virginia.edu">Heping Zheng</a>, <a href="mailto:matt_d@iwonka.med.virginia.edu">Matt Demas</a><br>
</body>
</html>


--Email was send to ewa_n@iwonka.med.virginia.edu

next_date2012-04-13firstnameTomaszemailtomek_o@iwonka.med.virginia.eduperson_id23report_freq7lastnameOsinskireport_freq_stronce_a_weekcurrent_timeFri, 06 Apr 2012 01:27:47 -0500pastdue_freq2current_monthAPR-2012days_passed92

--Tomasz Osinski does not need a report

next_date2012-04-13firstnameJanuszemailjanusz@iwonka.med.virginia.eduperson_id24report_freq7lastnamePetkowskireport_freq_stronce_a_weekcurrent_timeFri, 06 Apr 2012 01:27:47 -0500pastdue_freq2current_monthAPR-2012days_passed114

--Janusz Petkowski does not need a report

next_date2012-04-13firstnamePrzemekemailprzemek@iwonka.med.virginia.eduperson_id25report_freq7lastnamePorebskireport_freq_stronce_a_weekcurrent_timeFri, 06 Apr 2012 01:27:47 -0500pastdue_freq2current_monthAPR-2012days_passed92

--Przemek Porebski does not need a report

next_date2012-04-13firstnameRobemailrob_s@iwonka.med.virginia.eduperson_id28report_freq7lastnameSolbergreport_freq_stronce_a_weekcurrent_timeFri, 06 Apr 2012 01:27:47 -0500pastdue_freq2current_monthAPR-2012days_passed50
From: Manuscript Preparation Database <manuscript-db@iwonka.med.virginia.edu>
To: Rob Solberg <rob_s@iwonka.med.virginia.edu>
Date: Fri, 06 Apr 2012 01:27:47 -0500
Subject: Manuscripts that need your attention for the incoming week (Do not reply)
MIME-Version: 1.0
Content-Type: text/html; charset="us-ascii"


<html><body>Dear Dr. Solberg,<br>
<br>
  Thanks for all the quality work during the past week.<br>
<br>
  You have one active manuscript that will need your attention -- the IDP00203 manuscript that is still under preparation.<br>
<br>
  If you find any discrepancies between the present report and your work in progress, please update the manuscript preparation database accordingly. (<a href="http://zenobi-vpn/milapa/">http://zenobi-vpn/milapa/</a>)<br>
<br>
  You are currently receiving manuscript progress reports once a week. Next report will be delivered to your Email on 2012-04-13. <br>
<br>
appreciate your effort keeping the information in manuscript preparation database up to date,<br>
best regards,<br>
Manuscript preparation database<br>
http://zenobi-vpn/milapa/<br>
Technical Support Team:<br>
<a href="mailto:dust@iwonka.med.virginia.edu">Heping Zheng</a>, <a href="mailto:matt_d@iwonka.med.virginia.edu">Matt Demas</a><br>
</body>
</html>


--Email was send to rob_s@iwonka.med.virginia.edu

next_date2012-04-13firstnameRachelemailrachel_v@iwonka.med.virginia.eduperson_id30report_freq7lastnameVigourreport_freq_stronce_a_weekcurrent_timeFri, 06 Apr 2012 01:27:47 -0500pastdue_freq2current_monthAPR-2012days_passed114

--Rachel Vigour does not need a report

next_date2012-04-13firstnameDavid R.emaildcoop@iwonka.med.virginia.eduperson_id9report_freq7lastnameCooperreport_freq_stronce_a_weekcurrent_timeFri, 06 Apr 2012 01:27:47 -0500pastdue_freq2current_monthAPR-2012days_passed92
From: Manuscript Preparation Database <manuscript-db@iwonka.med.virginia.edu>
To: David R. Cooper <dcoop@iwonka.med.virginia.edu>
Date: Fri, 06 Apr 2012 01:27:47 -0500
Subject: Manuscripts that need your attention for the incoming week (Do not reply)
MIME-Version: 1.0
Content-Type: text/html; charset="us-ascii"


<html><body>Dear Dr. Cooper,<br>
<br>
 Was there any progress on manuscripts recently? We haven't heard from you for an entire month.<br>
<br>
  For Anthrax proteins manuscript, you have been preparing the data for 51 days. You are 49 days past the expected due date for the data. Please finish the data as soon as possible. Or if you will need more time for data preparation, please update the due date accordingly in the database.<br>
<br>
  If you find any discrepancies between the present report and your work in progress, please update the manuscript preparation database accordingly. (<a href="http://zenobi-vpn/milapa/">http://zenobi-vpn/milapa/</a>)<br>
<br>
  You are currently receiving manuscript progress reports once a week. Next report will be delivered to your Email on 2012-04-13. <br>
<br>
appreciate your effort keeping the information in manuscript preparation database up to date,<br>
best regards,<br>
Manuscript preparation database<br>
http://zenobi-vpn/milapa/<br>
Technical Support Team:<br>
<a href="mailto:dust@iwonka.med.virginia.edu">Heping Zheng</a>, <a href="mailto:matt_d@iwonka.med.virginia.edu">Matt Demas</a><br>
</body>
</html>


--Email was send to dcoop@iwonka.med.virginia.edu

next_date2012-04-13firstnameMahendra D.emailmahendra@iwonka.med.virginia.eduperson_id7report_freq7lastnameChordiareport_freq_stronce_a_weekcurrent_timeFri, 06 Apr 2012 01:27:47 -0500pastdue_freq2current_monthAPR-2012days_passed71
From: Manuscript Preparation Database <manuscript-db@iwonka.med.virginia.edu>
To: Mahendra D. Chordia <mahendra@iwonka.med.virginia.edu>
Date: Fri, 06 Apr 2012 01:27:47 -0500
Subject: Manuscripts that need your attention for the incoming week (Do not reply)
MIME-Version: 1.0
Content-Type: text/html; charset="us-ascii"


<html><body>Dear Dr. Chordia,<br>
<br>
  Thanks for all the quality work during the past week.<br>
<br>
  You are expected to update the text for SLLP1 manuscript within the next 21 days.<br>
<br>
  If you find any discrepancies between the present report and your work in progress, please update the manuscript preparation database accordingly. (<a href="http://zenobi-vpn/milapa/">http://zenobi-vpn/milapa/</a>)<br>
<br>
  You are currently receiving manuscript progress reports once a week. Next report will be delivered to your Email on 2012-04-13. <br>
<br>
appreciate your effort keeping the information in manuscript preparation database up to date,<br>
best regards,<br>
Manuscript preparation database<br>
http://zenobi-vpn/milapa/<br>
Technical Support Team:<br>
<a href="mailto:dust@iwonka.med.virginia.edu">Heping Zheng</a>, <a href="mailto:matt_d@iwonka.med.virginia.edu">Matt Demas</a><br>
</body>
</html>


--Email was send to mahendra@iwonka.med.virginia.edu

next_date2012-04-13firstnameIgor A.emailigor@iwonka.med.virginia.eduperson_id27report_freq7lastnameShumilinreport_freq_stronce_a_weekcurrent_timeFri, 06 Apr 2012 01:27:47 -0500pastdue_freq2current_monthAPR-2012days_passed50
From: Manuscript Preparation Database <manuscript-db@iwonka.med.virginia.edu>
To: Igor A. Shumilin <igor@iwonka.med.virginia.edu>
Date: Fri, 06 Apr 2012 01:27:47 -0500
Subject: Manuscripts that need your attention for the incoming week (Do not reply)
MIME-Version: 1.0
Content-Type: text/html; charset="us-ascii"


<html><body>Dear Dr. Shumilin,<br>
<br>
  Thanks for all the quality work during the past week.<br>
<br>
  You have one active manuscript that will need your attention -- the "cocktails" manuscript that is waiting for special instruction.<br>
<br>
  If you find any discrepancies between the present report and your work in progress, please update the manuscript preparation database accordingly. (<a href="http://zenobi-vpn/milapa/">http://zenobi-vpn/milapa/</a>)<br>
<br>
  You are currently receiving manuscript progress reports once a week. Next report will be delivered to your Email on 2012-04-13. <br>
<br>
appreciate your effort keeping the information in manuscript preparation database up to date,<br>
best regards,<br>
Manuscript preparation database<br>
http://zenobi-vpn/milapa/<br>
Technical Support Team:<br>
<a href="mailto:dust@iwonka.med.virginia.edu">Heping Zheng</a>, <a href="mailto:matt_d@iwonka.med.virginia.edu">Matt Demas</a><br>
</body>
</html>


--Email was send to igor@iwonka.med.virginia.edu

next_date2012-04-13firstnameIvan G.emailivan_s@iwonka.med.virginia.eduperson_id26report_freq7lastnameShabalinreport_freq_stronce_a_weekcurrent_timeFri, 06 Apr 2012 01:27:47 -0500pastdue_freq2current_monthAPR-2012days_passed92
From: Manuscript Preparation Database <manuscript-db@iwonka.med.virginia.edu>
To: Ivan G. Shabalin <ivan_s@iwonka.med.virginia.edu>
Date: Fri, 06 Apr 2012 01:27:47 -0500
Subject: Manuscripts that need your attention for the incoming week (Do not reply)
MIME-Version: 1.0
Content-Type: text/html; charset="us-ascii"


<html><body>Dear Dr. Shabalin,<br>
<br>
 Was there any progress on manuscripts recently? We haven't heard from you for an entire month.<br>
<br>
  You have one active manuscript that will need your attention -- the IDP90828 manuscript that is waiting for Wladek to submit.<br>
<br>
  If you find any discrepancies between the present report and your work in progress, please update the manuscript preparation database accordingly. (<a href="http://zenobi-vpn/milapa/">http://zenobi-vpn/milapa/</a>)<br>
<br>
  You are currently receiving manuscript progress reports once a week. Next report will be delivered to your Email on 2012-04-13. <br>
<br>
appreciate your effort keeping the information in manuscript preparation database up to date,<br>
best regards,<br>
Manuscript preparation database<br>
http://zenobi-vpn/milapa/<br>
Technical Support Team:<br>
<a href="mailto:dust@iwonka.med.virginia.edu">Heping Zheng</a>, <a href="mailto:matt_d@iwonka.med.virginia.edu">Matt Demas</a><br>
</body>
</html>


--Email was send to ivan_s@iwonka.med.virginia.edu

next_date2012-04-13firstnameAleksandra A.emailaleksandra@iwonka.med.virginia.eduperson_id17report_freq7lastnameKnapikreport_freq_stronce_a_weekcurrent_timeFri, 06 Apr 2012 01:27:47 -0500pastdue_freq2current_monthAPR-2012days_passed92
From: Manuscript Preparation Database <manuscript-db@iwonka.med.virginia.edu>
To: Aleksandra A. Knapik <aleksandra@iwonka.med.virginia.edu>
Date: Fri, 06 Apr 2012 01:27:47 -0500
Subject: Manuscripts that need your attention for the incoming week (Do not reply)
MIME-Version: 1.0
Content-Type: text/html; charset="us-ascii"


<html><body>Dear Dr. Knapik,<br>
<br>
 Was there any progress on manuscripts recently? We haven't heard from you for an entire month.<br>
<br>
  You have three active manuscripts that need your attention, including:<br>
  - the RutC manuscript that is waiting for Wladek to submit,<br>
  - the IDP00698 manuscript that is still under preparation,<br>
  - the RutD manuscript that has been submitted and awaits a decision from the editorial office.<br>
<br>
  You are expected to update the text for IDP00698 manuscript -87 days ago.<br>
<br>
  If you find any discrepancies between the present report and your work in progress, please update the manuscript preparation database accordingly. (<a href="http://zenobi-vpn/milapa/">http://zenobi-vpn/milapa/</a>)<br>
<br>
  You are currently receiving manuscript progress reports once a week. Next report will be delivered to your Email on 2012-04-13. <br>
<br>
appreciate your effort keeping the information in manuscript preparation database up to date,<br>
best regards,<br>
Manuscript preparation database<br>
http://zenobi-vpn/milapa/<br>
Technical Support Team:<br>
<a href="mailto:dust@iwonka.med.virginia.edu">Heping Zheng</a>, <a href="mailto:matt_d@iwonka.med.virginia.edu">Matt Demas</a><br>
</body>
</html>


--Email was send to aleksandra@iwonka.med.virginia.edu

next_date2012-04-13firstnameWladekemailwladek@iwonka.med.virginia.eduperson_id42report_freq7lastnameMinorreport_freq_stronce_a_weekcurrent_timeFri, 06 Apr 2012 01:27:47 -0500pastdue_freq2current_monthAPR-2012days_passed57
From: Manuscript Preparation Database <manuscript-db@iwonka.med.virginia.edu>
To: Wladek Minor <wladek@iwonka.med.virginia.edu>
Date: Fri, 06 Apr 2012 01:27:47 -0500
Subject: Manuscripts that need your attention for the incoming week (Do not reply)
MIME-Version: 1.0
Content-Type: text/html; charset="us-ascii"


<html><body>Dear Dr. Minor,<br>
<br>
 Was there any progress on manuscripts preparation at all? We haven't heard from you for an entire month.<br>
<br>
  In addition, you have several manuscripts that are ready for submission but you haven't submitted them yet<br>
1. APC41385.0 manuscript prepared by Jacek Bajor for journal <a href="http://journals.iucr.org/f/services/authorservices.html">Acta Cryst. F</a> was ready since 94 days ago but no submission was reported<br>
2. APC65312.2 manuscript prepared by Katarzyna Mikolajczak for journal <a href="http://journals.iucr.org/f/services/authorservices.html">Acta Cryst. F</a> was ready since 93 days ago but no submission was reported<br>
3. IDP90828 manuscript prepared by Ivan G. Shabalin for journal <a href="http://journals.iucr.org/f/services/authorservices.html">Acta Cryst. F</a> was ready since 53 days ago but no submission was reported<br>
4. RutC manuscript prepared by Aleksandra A. Knapik for journal <a href="http://journals.iucr.org/f/services/authorservices.html">Acta Cryst. F</a> was ready since 93 days ago but no submission was reported<br>
<br>
  CMM manuscript by Heping Zheng is waiting for you to Send Email to George Sheldrick and Peter Muller<br>
  CMM manuscript by Heping Zheng is waiting for you to Forward Email for 3lrk re-refinement to Heping<br>
<br>
  There are three other manuscripts that are waiting for your input. After you finish submitting all these read-to-submit manuscripts, the manuscript preparation database will also remind you about these other manuscripts that are waiting for your response. Please look into manuscript preparation database for more details: (http://zenobi-vpn/milapa/)<br>
<br>
  If you find any discrepancies between the present report and your work in progress, please update the manuscript preparation database accordingly. (<a href="http://zenobi-vpn/milapa/">http://zenobi-vpn/milapa/</a>)<br>
<br>
  You are currently receiving manuscript progress reports once a week. Next report will be delivered to your Email on 2012-04-13. <br>
<br>
appreciate your effort resolving all ready-to-go manuscripts in a timely manner,<br>
best regards,<br>
Manuscript preparation database<br>
http://zenobi-vpn/milapa/<br>
Technical Support Team:<br>
<a href="mailto:dust@iwonka.med.virginia.edu">Heping Zheng</a>, <a href="mailto:matt_d@iwonka.med.virginia.edu">Matt Demas</a><br>
</body>
</html>


--Email was send to wladek@iwonka.med.virginia.edu

next_date2012-04-11firstnameHepingemaildust@iwonka.med.virginia.eduperson_id1report_freq5lastnameZhengreport_freq_stronce_every_five_dayscurrent_timeFri, 06 Apr 2012 01:27:47 -0500pastdue_freq2current_monthAPR-2012days_passed58
From: Manuscript Preparation Database <manuscript-db@iwonka.med.virginia.edu>
To: Heping Zheng <dust@iwonka.med.virginia.edu>
Date: Fri, 06 Apr 2012 01:27:47 -0500
Subject: Manuscripts that need your attention for the incoming week (Do not reply)
MIME-Version: 1.0
Content-Type: text/html; charset="us-ascii"


<html><body>Dear Dr. Zheng,<br>
<br>
  Thanks for all the quality work during the past week.<br>
<br>
  You have five active manuscripts that need your attention, including:<br>
  - the BVparam in organic compounds manuscript that is still under preparation,<br>
  - the metal-benchmark manuscript that is still under preparation,<br>
  - the glycoprotein manuscript that is still under preparation,<br>
  - the CMM manuscript that is waiting for Wladek's response,<br>
  - the SLLP1 manuscript that is still under preparation.<br>
<br>
  For glycoprotein manuscript, you have been preparing the data for four days. There are still 16 more days for  data to be prepared.<br>
<br>
  You are also expected to update the text for BVparam in organic compounds manuscript within the next 14 days.<br>
<br>
  If you find any discrepancies between the present report and your work in progress, please update the manuscript preparation database accordingly. (<a href="http://zenobi-vpn/milapa/">http://zenobi-vpn/milapa/</a>)<br>
<br>
  You are currently receiving manuscript progress reports once every five days. Next report will be delivered to your Email on 2012-04-11. <br>
<br>
appreciate your effort keeping the information in manuscript preparation database up to date,<br>
best regards,<br>
Manuscript preparation database<br>
http://zenobi-vpn/milapa/<br>
Technical Support Team:<br>
<a href="mailto:dust@iwonka.med.virginia.edu">Heping Zheng</a>, <a href="mailto:matt_d@iwonka.med.virginia.edu">Matt Demas</a><br>
</body>
</html>


--Email was send to dust@iwonka.med.virginia.edu

next_date2012-04-13firstnameMatthew D.emailmatt@iwonka.med.virginia.eduperson_id32report_freq7lastnameZimmermanreport_freq_stronce_a_weekcurrent_timeFri, 06 Apr 2012 01:27:47 -0500pastdue_freq2current_monthAPR-2012days_passed99

--Matthew D. Zimmerman does not need a report

next_date2012-04-13firstnameMarcinemailmarcin_d@iwonka.med.virginia.eduperson_id12report_freq7lastnameDomagalskireport_freq_stronce_a_weekcurrent_timeFri, 06 Apr 2012 01:27:47 -0500pastdue_freq2current_monthAPR-2012days_passed92
From: Manuscript Preparation Database <manuscript-db@iwonka.med.virginia.edu>
To: Marcin Domagalski <marcin_d@iwonka.med.virginia.edu>
Date: Fri, 06 Apr 2012 01:27:47 -0500
Subject: Manuscripts that need your attention for the incoming week (Do not reply)
MIME-Version: 1.0
Content-Type: text/html; charset="us-ascii"


<html><body>Dear Dr. Domagalski,<br>
<br>
 Was there any progress on manuscripts recently? We haven't heard from you for an entire month.<br>
<br>
  You have one active manuscript that will need your attention -- the IDP01205 manuscript that is still under preparation.<br>
<br>
  You are expected to update the text for IDP01205 manuscript -87 days ago.<br>
<br>
  If you find any discrepancies between the present report and your work in progress, please update the manuscript preparation database accordingly. (<a href="http://zenobi-vpn/milapa/">http://zenobi-vpn/milapa/</a>)<br>
<br>
  You are currently receiving manuscript progress reports once a week. Next report will be delivered to your Email on 2012-04-13. <br>
<br>
appreciate your effort keeping the information in manuscript preparation database up to date,<br>
best regards,<br>
Manuscript preparation database<br>
http://zenobi-vpn/milapa/<br>
Technical Support Team:<br>
<a href="mailto:dust@iwonka.med.virginia.edu">Heping Zheng</a>, <a href="mailto:matt_d@iwonka.med.virginia.edu">Matt Demas</a><br>
</body>
</html>


--Email was send to marcin_d@iwonka.med.virginia.edu
==================== log message for Fri, 06 Apr 2012 01:30:43 -0500 ====================

current_timeFri, 06 Apr 2012 01:30:43 -0500emailmaks@iwonka.med.virginia.edufirstnameMaksymilianpastdue_freq2person_id8report_freq7lastnameChruszczreport_freq_stronce_a_weekcurrent_monthAPR-2012next_date2012-04-13days_passed92

--Maksymilian Chruszcz does not need a report

current_timeFri, 06 Apr 2012 01:30:43 -0500emailmarcel@iwonka.med.virginia.edufirstnameMarcinpastdue_freq2person_id10report_freq7lastnameCymborowskireport_freq_stronce_a_weekcurrent_monthAPR-2012next_date2012-04-13days_passed114

--Marcin Cymborowski does not need a report

current_timeFri, 06 Apr 2012 01:30:43 -0500emailzbigniew_f@iwonka.med.virginia.edufirstnameZbigniewpastdue_freq2person_id14report_freq7lastnameFratczakreport_freq_stronce_a_weekcurrent_monthAPR-2012next_date2012-04-13days_passed114

--Zbigniew Fratczak does not need a report

current_timeFri, 06 Apr 2012 01:30:43 -0500emailmarek@iwonka.med.virginia.edufirstnameMarekpastdue_freq2person_id15report_freq7lastnameGrabowskireport_freq_stronce_a_weekcurrent_monthAPR-2012next_date2012-04-13days_passed114

--Marek Grabowski does not need a report

current_timeFri, 06 Apr 2012 01:30:43 -0500emailbeth_m@iwonka.med.virginia.edufirstnameElizabethpastdue_freq2person_id18report_freq7lastnameMacLeanreport_freq_stronce_a_weekcurrent_monthAPR-2012next_date2012-04-13days_passed114

--Elizabeth MacLean does not need a report

current_timeFri, 06 Apr 2012 01:30:43 -0500emailania_m@iwonka.med.virginia.edufirstnameAniapastdue_freq2person_id21report_freq7lastnameMilaczewskareport_freq_stronce_a_weekcurrent_monthAPR-2012next_date2012-04-13days_passed114

--Ania Milaczewska does not need a report

current_timeFri, 06 Apr 2012 01:30:43 -0500emailtomek_o@iwonka.med.virginia.edufirstnameTomaszpastdue_freq2person_id23report_freq7lastnameOsinskireport_freq_stronce_a_weekcurrent_monthAPR-2012next_date2012-04-13days_passed92

--Tomasz Osinski does not need a report

current_timeFri, 06 Apr 2012 01:30:43 -0500emailjanusz@iwonka.med.virginia.edufirstnameJanuszpastdue_freq2person_id24report_freq7lastnamePetkowskireport_freq_stronce_a_weekcurrent_monthAPR-2012next_date2012-04-13days_passed114

--Janusz Petkowski does not need a report

current_timeFri, 06 Apr 2012 01:30:43 -0500emailprzemek@iwonka.med.virginia.edufirstnamePrzemekpastdue_freq2person_id25report_freq7lastnamePorebskireport_freq_stronce_a_weekcurrent_monthAPR-2012next_date2012-04-13days_passed92

--Przemek Porebski does not need a report

current_timeFri, 06 Apr 2012 01:30:43 -0500emailrachel_v@iwonka.med.virginia.edufirstnameRachelpastdue_freq2person_id30report_freq7lastnameVigourreport_freq_stronce_a_weekcurrent_monthAPR-2012next_date2012-04-13days_passed114

--Rachel Vigour does not need a report

current_timeFri, 06 Apr 2012 01:30:43 -0500emailmatt@iwonka.med.virginia.edufirstnameMatthew D.pastdue_freq2person_id32report_freq7lastnameZimmermanreport_freq_stronce_a_weekcurrent_monthAPR-2012next_date2012-04-13days_passed99

--Matthew D. Zimmerman does not need a report
==================== log message for Fri, 06 Apr 2012 03:03:01 -0500 ====================

current_timeFri, 06 Apr 2012 03:03:01 -0500current_monthAPR-2012days_passed92lastnameChruszczfirstnameMaksymilianreport_freq_stronce_a_weekreport_freq7next_date2012-04-13pastdue_freq2emailmaks@iwonka.med.virginia.eduperson_id8

--Maksymilian Chruszcz does not need a report

current_timeFri, 06 Apr 2012 03:03:01 -0500current_monthAPR-2012days_passed114lastnameCymborowskifirstnameMarcinreport_freq_stronce_a_weekreport_freq7next_date2012-04-13pastdue_freq2emailmarcel@iwonka.med.virginia.eduperson_id10

--Marcin Cymborowski does not need a report

current_timeFri, 06 Apr 2012 03:03:01 -0500current_monthAPR-2012days_passed114lastnameFratczakfirstnameZbigniewreport_freq_stronce_a_weekreport_freq7next_date2012-04-13pastdue_freq2emailzbigniew_f@iwonka.med.virginia.eduperson_id14

--Zbigniew Fratczak does not need a report

current_timeFri, 06 Apr 2012 03:03:01 -0500current_monthAPR-2012days_passed114lastnameGrabowskifirstnameMarekreport_freq_stronce_a_weekreport_freq7next_date2012-04-13pastdue_freq2emailmarek@iwonka.med.virginia.eduperson_id15

--Marek Grabowski does not need a report

current_timeFri, 06 Apr 2012 03:03:01 -0500current_monthAPR-2012days_passed114lastnameMacLeanfirstnameElizabethreport_freq_stronce_a_weekreport_freq7next_date2012-04-13pastdue_freq2emailbeth_m@iwonka.med.virginia.eduperson_id18

--Elizabeth MacLean does not need a report

current_timeFri, 06 Apr 2012 03:03:01 -0500current_monthAPR-2012days_passed114lastnameMilaczewskafirstnameAniareport_freq_stronce_a_weekreport_freq7next_date2012-04-13pastdue_freq2emailania_m@iwonka.med.virginia.eduperson_id21

--Ania Milaczewska does not need a report

current_timeFri, 06 Apr 2012 03:03:01 -0500current_monthAPR-2012days_passed92lastnameOsinskifirstnameTomaszreport_freq_stronce_a_weekreport_freq7next_date2012-04-13pastdue_freq2emailtomek_o@iwonka.med.virginia.eduperson_id23

--Tomasz Osinski does not need a report

current_timeFri, 06 Apr 2012 03:03:01 -0500current_monthAPR-2012days_passed114lastnamePetkowskifirstnameJanuszreport_freq_stronce_a_weekreport_freq7next_date2012-04-13pastdue_freq2emailjanusz@iwonka.med.virginia.eduperson_id24

--Janusz Petkowski does not need a report

current_timeFri, 06 Apr 2012 03:03:01 -0500current_monthAPR-2012days_passed92lastnamePorebskifirstnamePrzemekreport_freq_stronce_a_weekreport_freq7next_date2012-04-13pastdue_freq2emailprzemek@iwonka.med.virginia.eduperson_id25

--Przemek Porebski does not need a report

current_timeFri, 06 Apr 2012 03:03:01 -0500current_monthAPR-2012days_passed114lastnameVigourfirstnameRachelreport_freq_stronce_a_weekreport_freq7next_date2012-04-13pastdue_freq2emailrachel_v@iwonka.med.virginia.eduperson_id30

--Rachel Vigour does not need a report

current_timeFri, 06 Apr 2012 03:03:01 -0500current_monthAPR-2012days_passed99lastnameZimmermanfirstnameMatthew D.report_freq_stronce_a_weekreport_freq7next_date2012-04-13pastdue_freq2emailmatt@iwonka.med.virginia.eduperson_id32

--Matthew D. Zimmerman does not need a report
==================== log message for Sat, 07 Apr 2012 03:03:01 -0500 ====================

current_timeSat, 07 Apr 2012 03:03:01 -0500pastdue_freq2report_freq7current_monthAPR-2012lastnameChruszczperson_id8emailmaks@iwonka.med.virginia.edudays_passed93report_freq_stronce_a_weeknext_date2012-04-14firstnameMaksymilian

--Maksymilian Chruszcz does not need a report

current_timeSat, 07 Apr 2012 03:03:01 -0500pastdue_freq2report_freq7current_monthAPR-2012lastnameCymborowskiperson_id10emailmarcel@iwonka.med.virginia.edudays_passed115report_freq_stronce_a_weeknext_date2012-04-14firstnameMarcin

--Marcin Cymborowski does not need a report

current_timeSat, 07 Apr 2012 03:03:01 -0500pastdue_freq2report_freq7current_monthAPR-2012lastnameFratczakperson_id14emailzbigniew_f@iwonka.med.virginia.edudays_passed115report_freq_stronce_a_weeknext_date2012-04-14firstnameZbigniew

--Zbigniew Fratczak does not need a report

current_timeSat, 07 Apr 2012 03:03:01 -0500pastdue_freq2report_freq7current_monthAPR-2012lastnameGrabowskiperson_id15emailmarek@iwonka.med.virginia.edudays_passed115report_freq_stronce_a_weeknext_date2012-04-14firstnameMarek

--Marek Grabowski does not need a report

current_timeSat, 07 Apr 2012 03:03:01 -0500pastdue_freq2report_freq7current_monthAPR-2012lastnameMacLeanperson_id18emailbeth_m@iwonka.med.virginia.edudays_passed115report_freq_stronce_a_weeknext_date2012-04-14firstnameElizabeth

--Elizabeth MacLean does not need a report

current_timeSat, 07 Apr 2012 03:03:01 -0500pastdue_freq2report_freq7current_monthAPR-2012lastnameMilaczewskaperson_id21emailania_m@iwonka.med.virginia.edudays_passed115report_freq_stronce_a_weeknext_date2012-04-14firstnameAnia

--Ania Milaczewska does not need a report

current_timeSat, 07 Apr 2012 03:03:01 -0500pastdue_freq2report_freq7current_monthAPR-2012lastnameOsinskiperson_id23emailtomek_o@iwonka.med.virginia.edudays_passed93report_freq_stronce_a_weeknext_date2012-04-14firstnameTomasz

--Tomasz Osinski does not need a report

current_timeSat, 07 Apr 2012 03:03:01 -0500pastdue_freq2report_freq7current_monthAPR-2012lastnamePetkowskiperson_id24emailjanusz@iwonka.med.virginia.edudays_passed115report_freq_stronce_a_weeknext_date2012-04-14firstnameJanusz

--Janusz Petkowski does not need a report

current_timeSat, 07 Apr 2012 03:03:01 -0500pastdue_freq2report_freq7current_monthAPR-2012lastnamePorebskiperson_id25emailprzemek@iwonka.med.virginia.edudays_passed93report_freq_stronce_a_weeknext_date2012-04-14firstnamePrzemek

--Przemek Porebski does not need a report

current_timeSat, 07 Apr 2012 03:03:01 -0500pastdue_freq2report_freq7current_monthAPR-2012lastnameVigourperson_id30emailrachel_v@iwonka.med.virginia.edudays_passed115report_freq_stronce_a_weeknext_date2012-04-14firstnameRachel

--Rachel Vigour does not need a report

current_timeSat, 07 Apr 2012 03:03:01 -0500pastdue_freq2report_freq7current_monthAPR-2012lastnameZimmermanperson_id32emailmatt@iwonka.med.virginia.edudays_passed100report_freq_stronce_a_weeknext_date2012-04-14firstnameMatthew D.

--Matthew D. Zimmerman does not need a report
==================== log message for Sun, 08 Apr 2012 03:03:01 -0500 ====================

report_freq7pastdue_freq2lastnameChruszczperson_id8current_timeSun, 08 Apr 2012 03:03:01 -0500current_monthAPR-2012next_date2012-04-15days_passed94emailmaks@iwonka.med.virginia.edureport_freq_stronce_a_weekfirstnameMaksymilian

--Maksymilian Chruszcz does not need a report

report_freq7pastdue_freq2lastnameCymborowskiperson_id10current_timeSun, 08 Apr 2012 03:03:01 -0500current_monthAPR-2012next_date2012-04-15days_passed116emailmarcel@iwonka.med.virginia.edureport_freq_stronce_a_weekfirstnameMarcin

--Marcin Cymborowski does not need a report

report_freq7pastdue_freq2lastnameFratczakperson_id14current_timeSun, 08 Apr 2012 03:03:01 -0500current_monthAPR-2012next_date2012-04-15days_passed116emailzbigniew_f@iwonka.med.virginia.edureport_freq_stronce_a_weekfirstnameZbigniew

--Zbigniew Fratczak does not need a report

report_freq7pastdue_freq2lastnameGrabowskiperson_id15current_timeSun, 08 Apr 2012 03:03:01 -0500current_monthAPR-2012next_date2012-04-15days_passed116emailmarek@iwonka.med.virginia.edureport_freq_stronce_a_weekfirstnameMarek

--Marek Grabowski does not need a report

report_freq7pastdue_freq2lastnameMacLeanperson_id18current_timeSun, 08 Apr 2012 03:03:01 -0500current_monthAPR-2012next_date2012-04-15days_passed116emailbeth_m@iwonka.med.virginia.edureport_freq_stronce_a_weekfirstnameElizabeth

--Elizabeth MacLean does not need a report

report_freq7pastdue_freq2lastnameMilaczewskaperson_id21current_timeSun, 08 Apr 2012 03:03:01 -0500current_monthAPR-2012next_date2012-04-15days_passed116emailania_m@iwonka.med.virginia.edureport_freq_stronce_a_weekfirstnameAnia

--Ania Milaczewska does not need a report

report_freq7pastdue_freq2lastnameOsinskiperson_id23current_timeSun, 08 Apr 2012 03:03:01 -0500current_monthAPR-2012next_date2012-04-15days_passed94emailtomek_o@iwonka.med.virginia.edureport_freq_stronce_a_weekfirstnameTomasz

--Tomasz Osinski does not need a report

report_freq7pastdue_freq2lastnamePetkowskiperson_id24current_timeSun, 08 Apr 2012 03:03:01 -0500current_monthAPR-2012next_date2012-04-15days_passed116emailjanusz@iwonka.med.virginia.edureport_freq_stronce_a_weekfirstnameJanusz

--Janusz Petkowski does not need a report

report_freq7pastdue_freq2lastnamePorebskiperson_id25current_timeSun, 08 Apr 2012 03:03:01 -0500current_monthAPR-2012next_date2012-04-15days_passed94emailprzemek@iwonka.med.virginia.edureport_freq_stronce_a_weekfirstnamePrzemek

--Przemek Porebski does not need a report

report_freq7pastdue_freq2lastnameVigourperson_id30current_timeSun, 08 Apr 2012 03:03:01 -0500current_monthAPR-2012next_date2012-04-15days_passed116emailrachel_v@iwonka.med.virginia.edureport_freq_stronce_a_weekfirstnameRachel

--Rachel Vigour does not need a report

report_freq7pastdue_freq2lastnameZimmermanperson_id32current_timeSun, 08 Apr 2012 03:03:01 -0500current_monthAPR-2012next_date2012-04-15days_passed101emailmatt@iwonka.med.virginia.edureport_freq_stronce_a_weekfirstnameMatthew D.

--Matthew D. Zimmerman does not need a report
==================== log message for Mon, 09 Apr 2012 03:03:01 -0500 ====================

report_freq7firstnameMaksymiliancurrent_monthAPR-2012emailmaks@iwonka.med.virginia.edupastdue_freq2report_freq_stronce_a_weeklastnameChruszcznext_date2012-04-16person_id8current_timeMon, 09 Apr 2012 03:03:01 -0500days_passed95

--Maksymilian Chruszcz does not need a report

report_freq7firstnameMarcincurrent_monthAPR-2012emailmarcel@iwonka.med.virginia.edupastdue_freq2report_freq_stronce_a_weeklastnameCymborowskinext_date2012-04-16person_id10current_timeMon, 09 Apr 2012 03:03:01 -0500days_passed117

--Marcin Cymborowski does not need a report

report_freq7firstnameZbigniewcurrent_monthAPR-2012emailzbigniew_f@iwonka.med.virginia.edupastdue_freq2report_freq_stronce_a_weeklastnameFratczaknext_date2012-04-16person_id14current_timeMon, 09 Apr 2012 03:03:01 -0500days_passed117

--Zbigniew Fratczak does not need a report

report_freq7firstnameMarekcurrent_monthAPR-2012emailmarek@iwonka.med.virginia.edupastdue_freq2report_freq_stronce_a_weeklastnameGrabowskinext_date2012-04-16person_id15current_timeMon, 09 Apr 2012 03:03:01 -0500days_passed117

--Marek Grabowski does not need a report

report_freq7firstnameElizabethcurrent_monthAPR-2012emailbeth_m@iwonka.med.virginia.edupastdue_freq2report_freq_stronce_a_weeklastnameMacLeannext_date2012-04-16person_id18current_timeMon, 09 Apr 2012 03:03:01 -0500days_passed117

--Elizabeth MacLean does not need a report

report_freq7firstnameAniacurrent_monthAPR-2012emailania_m@iwonka.med.virginia.edupastdue_freq2report_freq_stronce_a_weeklastnameMilaczewskanext_date2012-04-16person_id21current_timeMon, 09 Apr 2012 03:03:01 -0500days_passed117

--Ania Milaczewska does not need a report

report_freq7firstnameTomaszcurrent_monthAPR-2012emailtomek_o@iwonka.med.virginia.edupastdue_freq2report_freq_stronce_a_weeklastnameOsinskinext_date2012-04-16person_id23current_timeMon, 09 Apr 2012 03:03:01 -0500days_passed95

--Tomasz Osinski does not need a report

report_freq7firstnameJanuszcurrent_monthAPR-2012emailjanusz@iwonka.med.virginia.edupastdue_freq2report_freq_stronce_a_weeklastnamePetkowskinext_date2012-04-16person_id24current_timeMon, 09 Apr 2012 03:03:01 -0500days_passed117

--Janusz Petkowski does not need a report

report_freq7firstnamePrzemekcurrent_monthAPR-2012emailprzemek@iwonka.med.virginia.edupastdue_freq2report_freq_stronce_a_weeklastnamePorebskinext_date2012-04-16person_id25current_timeMon, 09 Apr 2012 03:03:01 -0500days_passed95

--Przemek Porebski does not need a report

report_freq7firstnameRachelcurrent_monthAPR-2012emailrachel_v@iwonka.med.virginia.edupastdue_freq2report_freq_stronce_a_weeklastnameVigournext_date2012-04-16person_id30current_timeMon, 09 Apr 2012 03:03:01 -0500days_passed117

--Rachel Vigour does not need a report

report_freq7firstnameMatthew D.current_monthAPR-2012emailmatt@iwonka.med.virginia.edupastdue_freq2report_freq_stronce_a_weeklastnameZimmermannext_date2012-04-16person_id32current_timeMon, 09 Apr 2012 03:03:01 -0500days_passed102

--Matthew D. Zimmerman does not need a report
